#
# A fatal error has been detected by the Java Runtime Environment:
#
#  Internal Error (generateOopMap.cpp:2164), pid=6196, tid=6210
#  fatal error: Illegal class file encountered. Try running with -Xverify:all in method main
#
# JRE version: OpenJDK Runtime Environment (11.0.11+9) (build 11.0.11+9-Ubuntu-0ubuntu2.18.04)
# Java VM: OpenJDK 64-Bit Server VM (11.0.11+9-Ubuntu-0ubuntu2.18.04, mixed mode, sharing, tiered, compressed oops, g1 gc, linux-amd64)
# Core dump will be written. Default location: Core dumps may be processed with "/usr/share/apport/apport %p %s %c %d %P %E" (or dumping to /home/elliotalderson/Desktop/se375/Threads in Java/core.6196)
#
# If you would like to submit a bug report, please visit:
#   https://bugs.launchpad.net/ubuntu/+source/openjdk-lts
#

---------------  S U M M A R Y ------------

Command Line: -agentlib:jdwp=transport=dt_socket,suspend=y,address=localhost:42895 -javaagent:/home/elliotalderson/.eclipse/360744286_linux_gtk_x86_64/configuration/org.eclipse.osgi/222/0/.cp/lib/javaagent-shaded.jar -Dfile.encoding=UTF-8 labOne.DummyClass

Host: Intel(R) Core(TM) i7-9750H CPU @ 2.60GHz, 6 cores, 7G, Ubuntu 18.04.5 LTS
Time: Fri Apr 30 14:21:33 2021 +03 elapsed time: 426.404733 seconds (0d 0h 7m 6s)

---------------  T H R E A D  ---------------

Current thread (0x00007fa410182000):  VMThread "VM Thread" [stack: 0x00007fa3e93fb000,0x00007fa3e94fb000] [id=6210]

Stack: [0x00007fa3e93fb000,0x00007fa3e94fb000],  sp=0x00007fa3e94f8820,  free space=1014k
Native frames: (J=compiled Java code, A=aot compiled Java code, j=interpreted, Vv=VM code, C=native code)
V  [libjvm.so+0xe1c39a]
V  [libjvm.so+0xe1d00f]
V  [libjvm.so+0x649668]
V  [libjvm.so+0x7a2b5a]
V  [libjvm.so+0x7a2bfb]
V  [libjvm.so+0x7a463a]
V  [libjvm.so+0x7a8215]
V  [libjvm.so+0x7a9b7c]
V  [libjvm.so+0x7a9e49]
V  [libjvm.so+0xb63264]
V  [libjvm.so+0xb640ab]
V  [libjvm.so+0xb64527]
V  [libjvm.so+0xb03d1e]
V  [libjvm.so+0x9a247c]
V  [libjvm.so+0xe1eb58]
V  [libjvm.so+0xe24a47]
V  [libjvm.so+0xe250d8]
V  [libjvm.so+0xe253e3]
V  [libjvm.so+0xdb67e9]
V  [libjvm.so+0xb7b34e]

VM_Operation (0x00007fa3e85a9960): GetOrSetLocal, mode: safepoint, requested by thread 0x00007fa4101f5000


---------------  P R O C E S S  ---------------

Threads class SMR info:
_java_thread_list=0x00007fa3a4000b20, length=12, elements={
0x00007fa410018800, 0x00007fa410185000, 0x00007fa410187000, 0x00007fa41018d800,
0x00007fa41018f800, 0x00007fa410192000, 0x00007fa410194000, 0x00007fa410196000,
0x00007fa4101ac000, 0x00007fa4101f5000, 0x00007fa4101f9800, 0x00007fa3b0001800
}

Java Threads: ( => current thread )
  0x00007fa410018800 JavaThread "main" [_thread_blocked, id=6202, stack(0x00007fa4194de000,0x00007fa4195df000)]
  0x00007fa410185000 JavaThread "Reference Handler" daemon [_thread_blocked, id=6211, stack(0x00007fa3e92f8000,0x00007fa3e93f9000)]
  0x00007fa410187000 JavaThread "Finalizer" daemon [_thread_blocked, id=6212, stack(0x00007fa3e91f7000,0x00007fa3e92f8000)]
  0x00007fa41018d800 JavaThread "Signal Dispatcher" daemon [_thread_blocked, id=6214, stack(0x00007fa3e8cb6000,0x00007fa3e8db7000)]
  0x00007fa41018f800 JavaThread "Service Thread" daemon [_thread_blocked, id=6215, stack(0x00007fa3e8bb5000,0x00007fa3e8cb6000)]
  0x00007fa410192000 JavaThread "C2 CompilerThread0" daemon [_thread_blocked, id=6216, stack(0x00007fa3e8ab4000,0x00007fa3e8bb5000)]
  0x00007fa410194000 JavaThread "C1 CompilerThread0" daemon [_thread_blocked, id=6217, stack(0x00007fa3e89b3000,0x00007fa3e8ab4000)]
  0x00007fa410196000 JavaThread "Sweeper thread" daemon [_thread_blocked, id=6218, stack(0x00007fa3e88b2000,0x00007fa3e89b3000)]
  0x00007fa4101ac000 JavaThread "Common-Cleaner" daemon [_thread_blocked, id=6219, stack(0x00007fa3e87b1000,0x00007fa3e88b2000)]
  0x00007fa4101f5000 JavaThread "JDWP Transport Listener: dt_socket" daemon [_thread_blocked, id=6221, stack(0x00007fa3e84aa000,0x00007fa3e85ab000)] _threads_hazard_ptr=0x00007fa3a4000b20
  0x00007fa4101f9800 JavaThread "JDWP Event Helper Thread" daemon [_thread_blocked, id=6222, stack(0x00007fa3e83a9000,0x00007fa3e84aa000)]
  0x00007fa3b0001800 JavaThread "JDWP Command Reader" daemon [_thread_in_native, id=6225, stack(0x00007fa3e82a8000,0x00007fa3e83a9000)]

Other Threads:
=>0x00007fa410182000 VMThread "VM Thread" [stack: 0x00007fa3e93fb000,0x00007fa3e94fb000] [id=6210]
  0x00007fa4102a2000 WatcherThread [stack: 0x00007fa3af9b9000,0x00007fa3afab9000] [id=6230]
  0x00007fa410031000 GCTaskThread "GC Thread#0" [stack: 0x00007fa415063000,0x00007fa415163000] [id=6205]
  0x00007fa410063000 ConcurrentGCThread "G1 Main Marker" [stack: 0x00007fa414193000,0x00007fa414293000] [id=6206]
  0x00007fa410065000 ConcurrentGCThread "G1 Conc#0" [stack: 0x00007fa414091000,0x00007fa414191000] [id=6207]
  0x00007fa4100e7800 ConcurrentGCThread "G1 Refine#0" [stack: 0x00007fa3e9dff000,0x00007fa3e9eff000] [id=6208]
  0x00007fa4100e9800 ConcurrentGCThread "G1 Young RemSet Sampling" [stack: 0x00007fa3e9cfd000,0x00007fa3e9dfd000] [id=6209]

Threads with active compile tasks:

VM state:at safepoint (normal execution)

VM Mutex/Monitor currently owned by a thread:  ([mutex/lock_event])
[0x00007fa4100149a0] Threads_lock - owner thread: 0x00007fa410182000

Heap address: 0x0000000083800000, size: 1992 MB, Compressed Oops mode: 32-bit
Narrow klass base: 0x0000000800000000, Narrow klass shift: 3
Compressed class space size: 1073741824 Address: 0x0000000840000000

Heap:
 garbage-first heap   total 131072K, used 4808K [0x0000000083800000, 0x0000000100000000)
  region size 1024K, 6 young (6144K), 0 survivors (0K)
 Metaspace       used 3056K, capacity 5100K, committed 5376K, reserved 1056768K
  class space    used 288K, capacity 489K, committed 512K, reserved 1048576K
Heap Regions: E=young(eden), S=young(survivor), O=old, HS=humongous(starts), HC=humongous(continues), CS=collection set, F=free, A=archive, TAMS=top-at-mark-start (previous, next)
|   0|0x0000000083800000, 0x0000000083800000, 0x0000000083900000|  0%| F|  |TAMS 0x0000000083800000, 0x0000000083800000| Untracked 
|   1|0x0000000083900000, 0x0000000083900000, 0x0000000083a00000|  0%| F|  |TAMS 0x0000000083900000, 0x0000000083900000| Untracked 
|   2|0x0000000083a00000, 0x0000000083a00000, 0x0000000083b00000|  0%| F|  |TAMS 0x0000000083a00000, 0x0000000083a00000| Untracked 
|   3|0x0000000083b00000, 0x0000000083b00000, 0x0000000083c00000|  0%| F|  |TAMS 0x0000000083b00000, 0x0000000083b00000| Untracked 
|   4|0x0000000083c00000, 0x0000000083c00000, 0x0000000083d00000|  0%| F|  |TAMS 0x0000000083c00000, 0x0000000083c00000| Untracked 
|   5|0x0000000083d00000, 0x0000000083d00000, 0x0000000083e00000|  0%| F|  |TAMS 0x0000000083d00000, 0x0000000083d00000| Untracked 
|   6|0x0000000083e00000, 0x0000000083e00000, 0x0000000083f00000|  0%| F|  |TAMS 0x0000000083e00000, 0x0000000083e00000| Untracked 
|   7|0x0000000083f00000, 0x0000000083f00000, 0x0000000084000000|  0%| F|  |TAMS 0x0000000083f00000, 0x0000000083f00000| Untracked 
|   8|0x0000000084000000, 0x0000000084000000, 0x0000000084100000|  0%| F|  |TAMS 0x0000000084000000, 0x0000000084000000| Untracked 
|   9|0x0000000084100000, 0x0000000084100000, 0x0000000084200000|  0%| F|  |TAMS 0x0000000084100000, 0x0000000084100000| Untracked 
|  10|0x0000000084200000, 0x0000000084200000, 0x0000000084300000|  0%| F|  |TAMS 0x0000000084200000, 0x0000000084200000| Untracked 
|  11|0x0000000084300000, 0x0000000084300000, 0x0000000084400000|  0%| F|  |TAMS 0x0000000084300000, 0x0000000084300000| Untracked 
|  12|0x0000000084400000, 0x0000000084400000, 0x0000000084500000|  0%| F|  |TAMS 0x0000000084400000, 0x0000000084400000| Untracked 
|  13|0x0000000084500000, 0x0000000084500000, 0x0000000084600000|  0%| F|  |TAMS 0x0000000084500000, 0x0000000084500000| Untracked 
|  14|0x0000000084600000, 0x0000000084600000, 0x0000000084700000|  0%| F|  |TAMS 0x0000000084600000, 0x0000000084600000| Untracked 
|  15|0x0000000084700000, 0x0000000084700000, 0x0000000084800000|  0%| F|  |TAMS 0x0000000084700000, 0x0000000084700000| Untracked 
|  16|0x0000000084800000, 0x0000000084800000, 0x0000000084900000|  0%| F|  |TAMS 0x0000000084800000, 0x0000000084800000| Untracked 
|  17|0x0000000084900000, 0x0000000084900000, 0x0000000084a00000|  0%| F|  |TAMS 0x0000000084900000, 0x0000000084900000| Untracked 
|  18|0x0000000084a00000, 0x0000000084a00000, 0x0000000084b00000|  0%| F|  |TAMS 0x0000000084a00000, 0x0000000084a00000| Untracked 
|  19|0x0000000084b00000, 0x0000000084b00000, 0x0000000084c00000|  0%| F|  |TAMS 0x0000000084b00000, 0x0000000084b00000| Untracked 
|  20|0x0000000084c00000, 0x0000000084c00000, 0x0000000084d00000|  0%| F|  |TAMS 0x0000000084c00000, 0x0000000084c00000| Untracked 
|  21|0x0000000084d00000, 0x0000000084d00000, 0x0000000084e00000|  0%| F|  |TAMS 0x0000000084d00000, 0x0000000084d00000| Untracked 
|  22|0x0000000084e00000, 0x0000000084e00000, 0x0000000084f00000|  0%| F|  |TAMS 0x0000000084e00000, 0x0000000084e00000| Untracked 
|  23|0x0000000084f00000, 0x0000000084f00000, 0x0000000085000000|  0%| F|  |TAMS 0x0000000084f00000, 0x0000000084f00000| Untracked 
|  24|0x0000000085000000, 0x0000000085000000, 0x0000000085100000|  0%| F|  |TAMS 0x0000000085000000, 0x0000000085000000| Untracked 
|  25|0x0000000085100000, 0x0000000085100000, 0x0000000085200000|  0%| F|  |TAMS 0x0000000085100000, 0x0000000085100000| Untracked 
|  26|0x0000000085200000, 0x0000000085200000, 0x0000000085300000|  0%| F|  |TAMS 0x0000000085200000, 0x0000000085200000| Untracked 
|  27|0x0000000085300000, 0x0000000085300000, 0x0000000085400000|  0%| F|  |TAMS 0x0000000085300000, 0x0000000085300000| Untracked 
|  28|0x0000000085400000, 0x0000000085400000, 0x0000000085500000|  0%| F|  |TAMS 0x0000000085400000, 0x0000000085400000| Untracked 
|  29|0x0000000085500000, 0x0000000085500000, 0x0000000085600000|  0%| F|  |TAMS 0x0000000085500000, 0x0000000085500000| Untracked 
|  30|0x0000000085600000, 0x0000000085600000, 0x0000000085700000|  0%| F|  |TAMS 0x0000000085600000, 0x0000000085600000| Untracked 
|  31|0x0000000085700000, 0x0000000085700000, 0x0000000085800000|  0%| F|  |TAMS 0x0000000085700000, 0x0000000085700000| Untracked 
|  32|0x0000000085800000, 0x0000000085800000, 0x0000000085900000|  0%| F|  |TAMS 0x0000000085800000, 0x0000000085800000| Untracked 
|  33|0x0000000085900000, 0x0000000085900000, 0x0000000085a00000|  0%| F|  |TAMS 0x0000000085900000, 0x0000000085900000| Untracked 
|  34|0x0000000085a00000, 0x0000000085a00000, 0x0000000085b00000|  0%| F|  |TAMS 0x0000000085a00000, 0x0000000085a00000| Untracked 
|  35|0x0000000085b00000, 0x0000000085b00000, 0x0000000085c00000|  0%| F|  |TAMS 0x0000000085b00000, 0x0000000085b00000| Untracked 
|  36|0x0000000085c00000, 0x0000000085c00000, 0x0000000085d00000|  0%| F|  |TAMS 0x0000000085c00000, 0x0000000085c00000| Untracked 
|  37|0x0000000085d00000, 0x0000000085d00000, 0x0000000085e00000|  0%| F|  |TAMS 0x0000000085d00000, 0x0000000085d00000| Untracked 
|  38|0x0000000085e00000, 0x0000000085e00000, 0x0000000085f00000|  0%| F|  |TAMS 0x0000000085e00000, 0x0000000085e00000| Untracked 
|  39|0x0000000085f00000, 0x0000000085f00000, 0x0000000086000000|  0%| F|  |TAMS 0x0000000085f00000, 0x0000000085f00000| Untracked 
|  40|0x0000000086000000, 0x0000000086000000, 0x0000000086100000|  0%| F|  |TAMS 0x0000000086000000, 0x0000000086000000| Untracked 
|  41|0x0000000086100000, 0x0000000086100000, 0x0000000086200000|  0%| F|  |TAMS 0x0000000086100000, 0x0000000086100000| Untracked 
|  42|0x0000000086200000, 0x0000000086200000, 0x0000000086300000|  0%| F|  |TAMS 0x0000000086200000, 0x0000000086200000| Untracked 
|  43|0x0000000086300000, 0x0000000086300000, 0x0000000086400000|  0%| F|  |TAMS 0x0000000086300000, 0x0000000086300000| Untracked 
|  44|0x0000000086400000, 0x0000000086400000, 0x0000000086500000|  0%| F|  |TAMS 0x0000000086400000, 0x0000000086400000| Untracked 
|  45|0x0000000086500000, 0x0000000086500000, 0x0000000086600000|  0%| F|  |TAMS 0x0000000086500000, 0x0000000086500000| Untracked 
|  46|0x0000000086600000, 0x0000000086600000, 0x0000000086700000|  0%| F|  |TAMS 0x0000000086600000, 0x0000000086600000| Untracked 
|  47|0x0000000086700000, 0x0000000086700000, 0x0000000086800000|  0%| F|  |TAMS 0x0000000086700000, 0x0000000086700000| Untracked 
|  48|0x0000000086800000, 0x0000000086800000, 0x0000000086900000|  0%| F|  |TAMS 0x0000000086800000, 0x0000000086800000| Untracked 
|  49|0x0000000086900000, 0x0000000086900000, 0x0000000086a00000|  0%| F|  |TAMS 0x0000000086900000, 0x0000000086900000| Untracked 
|  50|0x0000000086a00000, 0x0000000086a00000, 0x0000000086b00000|  0%| F|  |TAMS 0x0000000086a00000, 0x0000000086a00000| Untracked 
|  51|0x0000000086b00000, 0x0000000086b00000, 0x0000000086c00000|  0%| F|  |TAMS 0x0000000086b00000, 0x0000000086b00000| Untracked 
|  52|0x0000000086c00000, 0x0000000086c00000, 0x0000000086d00000|  0%| F|  |TAMS 0x0000000086c00000, 0x0000000086c00000| Untracked 
|  53|0x0000000086d00000, 0x0000000086d00000, 0x0000000086e00000|  0%| F|  |TAMS 0x0000000086d00000, 0x0000000086d00000| Untracked 
|  54|0x0000000086e00000, 0x0000000086e00000, 0x0000000086f00000|  0%| F|  |TAMS 0x0000000086e00000, 0x0000000086e00000| Untracked 
|  55|0x0000000086f00000, 0x0000000086f00000, 0x0000000087000000|  0%| F|  |TAMS 0x0000000086f00000, 0x0000000086f00000| Untracked 
|  56|0x0000000087000000, 0x0000000087000000, 0x0000000087100000|  0%| F|  |TAMS 0x0000000087000000, 0x0000000087000000| Untracked 
|  57|0x0000000087100000, 0x0000000087100000, 0x0000000087200000|  0%| F|  |TAMS 0x0000000087100000, 0x0000000087100000| Untracked 
|  58|0x0000000087200000, 0x0000000087200000, 0x0000000087300000|  0%| F|  |TAMS 0x0000000087200000, 0x0000000087200000| Untracked 
|  59|0x0000000087300000, 0x0000000087300000, 0x0000000087400000|  0%| F|  |TAMS 0x0000000087300000, 0x0000000087300000| Untracked 
|  60|0x0000000087400000, 0x0000000087400000, 0x0000000087500000|  0%| F|  |TAMS 0x0000000087400000, 0x0000000087400000| Untracked 
|  61|0x0000000087500000, 0x0000000087500000, 0x0000000087600000|  0%| F|  |TAMS 0x0000000087500000, 0x0000000087500000| Untracked 
|  62|0x0000000087600000, 0x0000000087600000, 0x0000000087700000|  0%| F|  |TAMS 0x0000000087600000, 0x0000000087600000| Untracked 
|  63|0x0000000087700000, 0x0000000087700000, 0x0000000087800000|  0%| F|  |TAMS 0x0000000087700000, 0x0000000087700000| Untracked 
|  64|0x0000000087800000, 0x0000000087800000, 0x0000000087900000|  0%| F|  |TAMS 0x0000000087800000, 0x0000000087800000| Untracked 
|  65|0x0000000087900000, 0x0000000087900000, 0x0000000087a00000|  0%| F|  |TAMS 0x0000000087900000, 0x0000000087900000| Untracked 
|  66|0x0000000087a00000, 0x0000000087a00000, 0x0000000087b00000|  0%| F|  |TAMS 0x0000000087a00000, 0x0000000087a00000| Untracked 
|  67|0x0000000087b00000, 0x0000000087b00000, 0x0000000087c00000|  0%| F|  |TAMS 0x0000000087b00000, 0x0000000087b00000| Untracked 
|  68|0x0000000087c00000, 0x0000000087c00000, 0x0000000087d00000|  0%| F|  |TAMS 0x0000000087c00000, 0x0000000087c00000| Untracked 
|  69|0x0000000087d00000, 0x0000000087d00000, 0x0000000087e00000|  0%| F|  |TAMS 0x0000000087d00000, 0x0000000087d00000| Untracked 
|  70|0x0000000087e00000, 0x0000000087e00000, 0x0000000087f00000|  0%| F|  |TAMS 0x0000000087e00000, 0x0000000087e00000| Untracked 
|  71|0x0000000087f00000, 0x0000000087f00000, 0x0000000088000000|  0%| F|  |TAMS 0x0000000087f00000, 0x0000000087f00000| Untracked 
|  72|0x0000000088000000, 0x0000000088000000, 0x0000000088100000|  0%| F|  |TAMS 0x0000000088000000, 0x0000000088000000| Untracked 
|  73|0x0000000088100000, 0x0000000088100000, 0x0000000088200000|  0%| F|  |TAMS 0x0000000088100000, 0x0000000088100000| Untracked 
|  74|0x0000000088200000, 0x0000000088200000, 0x0000000088300000|  0%| F|  |TAMS 0x0000000088200000, 0x0000000088200000| Untracked 
|  75|0x0000000088300000, 0x0000000088300000, 0x0000000088400000|  0%| F|  |TAMS 0x0000000088300000, 0x0000000088300000| Untracked 
|  76|0x0000000088400000, 0x0000000088400000, 0x0000000088500000|  0%| F|  |TAMS 0x0000000088400000, 0x0000000088400000| Untracked 
|  77|0x0000000088500000, 0x0000000088500000, 0x0000000088600000|  0%| F|  |TAMS 0x0000000088500000, 0x0000000088500000| Untracked 
|  78|0x0000000088600000, 0x0000000088600000, 0x0000000088700000|  0%| F|  |TAMS 0x0000000088600000, 0x0000000088600000| Untracked 
|  79|0x0000000088700000, 0x0000000088700000, 0x0000000088800000|  0%| F|  |TAMS 0x0000000088700000, 0x0000000088700000| Untracked 
|  80|0x0000000088800000, 0x0000000088800000, 0x0000000088900000|  0%| F|  |TAMS 0x0000000088800000, 0x0000000088800000| Untracked 
|  81|0x0000000088900000, 0x0000000088900000, 0x0000000088a00000|  0%| F|  |TAMS 0x0000000088900000, 0x0000000088900000| Untracked 
|  82|0x0000000088a00000, 0x0000000088a00000, 0x0000000088b00000|  0%| F|  |TAMS 0x0000000088a00000, 0x0000000088a00000| Untracked 
|  83|0x0000000088b00000, 0x0000000088b00000, 0x0000000088c00000|  0%| F|  |TAMS 0x0000000088b00000, 0x0000000088b00000| Untracked 
|  84|0x0000000088c00000, 0x0000000088c00000, 0x0000000088d00000|  0%| F|  |TAMS 0x0000000088c00000, 0x0000000088c00000| Untracked 
|  85|0x0000000088d00000, 0x0000000088d00000, 0x0000000088e00000|  0%| F|  |TAMS 0x0000000088d00000, 0x0000000088d00000| Untracked 
|  86|0x0000000088e00000, 0x0000000088e00000, 0x0000000088f00000|  0%| F|  |TAMS 0x0000000088e00000, 0x0000000088e00000| Untracked 
|  87|0x0000000088f00000, 0x0000000088f00000, 0x0000000089000000|  0%| F|  |TAMS 0x0000000088f00000, 0x0000000088f00000| Untracked 
|  88|0x0000000089000000, 0x0000000089000000, 0x0000000089100000|  0%| F|  |TAMS 0x0000000089000000, 0x0000000089000000| Untracked 
|  89|0x0000000089100000, 0x0000000089100000, 0x0000000089200000|  0%| F|  |TAMS 0x0000000089100000, 0x0000000089100000| Untracked 
|  90|0x0000000089200000, 0x0000000089200000, 0x0000000089300000|  0%| F|  |TAMS 0x0000000089200000, 0x0000000089200000| Untracked 
|  91|0x0000000089300000, 0x0000000089300000, 0x0000000089400000|  0%| F|  |TAMS 0x0000000089300000, 0x0000000089300000| Untracked 
|  92|0x0000000089400000, 0x0000000089400000, 0x0000000089500000|  0%| F|  |TAMS 0x0000000089400000, 0x0000000089400000| Untracked 
|  93|0x0000000089500000, 0x0000000089500000, 0x0000000089600000|  0%| F|  |TAMS 0x0000000089500000, 0x0000000089500000| Untracked 
|  94|0x0000000089600000, 0x0000000089600000, 0x0000000089700000|  0%| F|  |TAMS 0x0000000089600000, 0x0000000089600000| Untracked 
|  95|0x0000000089700000, 0x0000000089700000, 0x0000000089800000|  0%| F|  |TAMS 0x0000000089700000, 0x0000000089700000| Untracked 
|  96|0x0000000089800000, 0x0000000089800000, 0x0000000089900000|  0%| F|  |TAMS 0x0000000089800000, 0x0000000089800000| Untracked 
|  97|0x0000000089900000, 0x0000000089900000, 0x0000000089a00000|  0%| F|  |TAMS 0x0000000089900000, 0x0000000089900000| Untracked 
|  98|0x0000000089a00000, 0x0000000089a00000, 0x0000000089b00000|  0%| F|  |TAMS 0x0000000089a00000, 0x0000000089a00000| Untracked 
|  99|0x0000000089b00000, 0x0000000089b00000, 0x0000000089c00000|  0%| F|  |TAMS 0x0000000089b00000, 0x0000000089b00000| Untracked 
| 100|0x0000000089c00000, 0x0000000089c00000, 0x0000000089d00000|  0%| F|  |TAMS 0x0000000089c00000, 0x0000000089c00000| Untracked 
| 101|0x0000000089d00000, 0x0000000089d00000, 0x0000000089e00000|  0%| F|  |TAMS 0x0000000089d00000, 0x0000000089d00000| Untracked 
| 102|0x0000000089e00000, 0x0000000089e00000, 0x0000000089f00000|  0%| F|  |TAMS 0x0000000089e00000, 0x0000000089e00000| Untracked 
| 103|0x0000000089f00000, 0x0000000089f00000, 0x000000008a000000|  0%| F|  |TAMS 0x0000000089f00000, 0x0000000089f00000| Untracked 
| 104|0x000000008a000000, 0x000000008a000000, 0x000000008a100000|  0%| F|  |TAMS 0x000000008a000000, 0x000000008a000000| Untracked 
| 105|0x000000008a100000, 0x000000008a100000, 0x000000008a200000|  0%| F|  |TAMS 0x000000008a100000, 0x000000008a100000| Untracked 
| 106|0x000000008a200000, 0x000000008a200000, 0x000000008a300000|  0%| F|  |TAMS 0x000000008a200000, 0x000000008a200000| Untracked 
| 107|0x000000008a300000, 0x000000008a300000, 0x000000008a400000|  0%| F|  |TAMS 0x000000008a300000, 0x000000008a300000| Untracked 
| 108|0x000000008a400000, 0x000000008a400000, 0x000000008a500000|  0%| F|  |TAMS 0x000000008a400000, 0x000000008a400000| Untracked 
| 109|0x000000008a500000, 0x000000008a500000, 0x000000008a600000|  0%| F|  |TAMS 0x000000008a500000, 0x000000008a500000| Untracked 
| 110|0x000000008a600000, 0x000000008a600000, 0x000000008a700000|  0%| F|  |TAMS 0x000000008a600000, 0x000000008a600000| Untracked 
| 111|0x000000008a700000, 0x000000008a700000, 0x000000008a800000|  0%| F|  |TAMS 0x000000008a700000, 0x000000008a700000| Untracked 
| 112|0x000000008a800000, 0x000000008a800000, 0x000000008a900000|  0%| F|  |TAMS 0x000000008a800000, 0x000000008a800000| Untracked 
| 113|0x000000008a900000, 0x000000008a900000, 0x000000008aa00000|  0%| F|  |TAMS 0x000000008a900000, 0x000000008a900000| Untracked 
| 114|0x000000008aa00000, 0x000000008aa00000, 0x000000008ab00000|  0%| F|  |TAMS 0x000000008aa00000, 0x000000008aa00000| Untracked 
| 115|0x000000008ab00000, 0x000000008ab00000, 0x000000008ac00000|  0%| F|  |TAMS 0x000000008ab00000, 0x000000008ab00000| Untracked 
| 116|0x000000008ac00000, 0x000000008ac00000, 0x000000008ad00000|  0%| F|  |TAMS 0x000000008ac00000, 0x000000008ac00000| Untracked 
| 117|0x000000008ad00000, 0x000000008ad00000, 0x000000008ae00000|  0%| F|  |TAMS 0x000000008ad00000, 0x000000008ad00000| Untracked 
| 118|0x000000008ae00000, 0x000000008ae00000, 0x000000008af00000|  0%| F|  |TAMS 0x000000008ae00000, 0x000000008ae00000| Untracked 
| 119|0x000000008af00000, 0x000000008af00000, 0x000000008b000000|  0%| F|  |TAMS 0x000000008af00000, 0x000000008af00000| Untracked 
| 120|0x000000008b000000, 0x000000008b0ef7c8, 0x000000008b100000| 93%| E|  |TAMS 0x000000008b000000, 0x000000008b000000| Complete 
| 121|0x000000008b100000, 0x000000008b200000, 0x000000008b200000|100%| E|CS|TAMS 0x000000008b100000, 0x000000008b100000| Complete 
| 122|0x000000008b200000, 0x000000008b300000, 0x000000008b300000|100%| E|  |TAMS 0x000000008b200000, 0x000000008b200000| Complete 
| 123|0x000000008b300000, 0x000000008b400000, 0x000000008b400000|100%| E|CS|TAMS 0x000000008b300000, 0x000000008b300000| Complete 
| 124|0x000000008b400000, 0x000000008b500000, 0x000000008b500000|100%| E|CS|TAMS 0x000000008b400000, 0x000000008b400000| Complete 
| 125|0x000000008b500000, 0x000000008b600000, 0x000000008b600000|100%| E|CS|TAMS 0x000000008b500000, 0x000000008b500000| Complete 
|1990|0x00000000ffe00000, 0x00000000ffe47000, 0x00000000fff00000| 27%|OA|  |TAMS 0x00000000ffe00000, 0x00000000ffe00000| Untracked 
|1991|0x00000000fff00000, 0x00000000fff6b000, 0x0000000100000000| 41%|CA|  |TAMS 0x00000000fff00000, 0x00000000fff00000| Untracked 

Card table byte_map: [0x00007fa414293000,0x00007fa414677000] _byte_map_base: 0x00007fa413e77000

Marking Bits (Prev, Next): (CMBitMap*) 0x00007fa41005a3d8, (CMBitMap*) 0x00007fa41005a410
 Prev Bits: [0x00007fa3f20e0000, 0x00007fa3f4000000)
 Next Bits: [0x00007fa3f01c0000, 0x00007fa3f20e0000)

Polling page: 0x00007fa4195f2000

Metaspace:

Usage:
  Non-class:      4,50 MB capacity,     2,70 MB ( 60%) used,     1,80 MB ( 40%) free+waste,     3,75 KB ( <1%) overhead. 
      Class:    489,00 KB capacity,   288,70 KB ( 59%) used,   198,05 KB ( 41%) free+waste,     2,25 KB ( <1%) overhead. 
       Both:      4,98 MB capacity,     2,98 MB ( 60%) used,     1,99 MB ( 40%) free+waste,     6,00 KB ( <1%) overhead. 

Virtual space:
  Non-class space:        8,00 MB reserved,       4,75 MB ( 59%) committed 
      Class space:        1,00 GB reserved,     512,00 KB ( <1%) committed 
             Both:        1,01 GB reserved,       5,25 MB ( <1%) committed 

Chunk freelists:
   Non-Class:  17,00 KB
       Class:  23,00 KB
        Both:  40,00 KB

MaxMetaspaceSize: unlimited
CompressedClassSpaceSize: 1,00 GB

CodeHeap 'non-profiled nmethods': size=120032Kb used=147Kb max_used=147Kb free=119884Kb
 bounds [0x00007fa400340000, 0x00007fa4005b0000, 0x00007fa407878000]
CodeHeap 'profiled nmethods': size=120032Kb used=675Kb max_used=675Kb free=119356Kb
 bounds [0x00007fa3f8e08000, 0x00007fa3f9078000, 0x00007fa400340000]
CodeHeap 'non-nmethods': size=5696Kb used=1127Kb max_used=1140Kb free=4568Kb
 bounds [0x00007fa3f8878000, 0x00007fa3f8ae8000, 0x00007fa3f8e08000]
 total_blobs=835 nmethods=475 adapters=281
 compilation: enabled
              stopped_count=0, restarted_count=0
 full_count=0

Compilation events (20 events):
Event: 37,890 Thread 0x00007fa410194000  466       3       org.eclipse.jdt.launching.internal.org.objectweb.asm.ClassReader::readClass (7 bytes)
Event: 37,890 Thread 0x00007fa410194000 nmethod 466 0x00007fa3f8eaac10 code [0x00007fa3f8eaae00, 0x00007fa3f8eab2a0]
Event: 37,890 Thread 0x00007fa410194000  467       3       org.eclipse.jdt.launching.internal.org.objectweb.asm.ClassReader::readStringish (16 bytes)
Event: 37,893 Thread 0x00007fa410194000 nmethod 467 0x00007fa3f8eab510 code [0x00007fa3f8eab700, 0x00007fa3f8eabb40]
Event: 274,752 Thread 0x00007fa410194000  468       3       org.eclipse.jdt.launching.internal.org.objectweb.asm.MethodWriter::visitVarInsn (302 bytes)
Event: 274,754 Thread 0x00007fa410194000 nmethod 468 0x00007fa3f8eabd90 code [0x00007fa3f8eac000, 0x00007fa3f8eaca20]
Event: 274,754 Thread 0x00007fa410194000  471       3       org.eclipse.jdt.launching.internal.org.objectweb.asm.ByteVector::putUTF8 (144 bytes)
Event: 274,759 Thread 0x00007fa410194000 nmethod 471 0x00007fa3f8eacd10 code [0x00007fa3f8eacfa0, 0x00007fa3f8eadac0]
Event: 274,759 Thread 0x00007fa410194000  469       3       org.eclipse.jdt.launching.internal.org.objectweb.asm.ClassReader::readLabel (20 bytes)
Event: 274,759 Thread 0x00007fa410194000 nmethod 469 0x00007fa3f8eae090 code [0x00007fa3f8eae260, 0x00007fa3f8eae6f0]
Event: 274,759 Thread 0x00007fa410194000  470       3       org.eclipse.jdt.launching.internal.org.objectweb.asm.ClassReader::createDebugLabel (23 bytes)
Event: 274,759 Thread 0x00007fa410194000 nmethod 470 0x00007fa3f8eae890 code [0x00007fa3f8eaea80, 0x00007fa3f8eaefd0]
Event: 293,161 Thread 0x00007fa410194000  472       3       org.eclipse.jdt.launching.internal.org.objectweb.asm.SymbolTable::addConstantUtf8Reference (101 bytes)
Event: 293,166 Thread 0x00007fa410194000 nmethod 472 0x00007fa3f8eaf210 code [0x00007fa3f8eaf440, 0x00007fa3f8eafaf0]
Event: 321,334 Thread 0x00007fa410194000  474       3       org.eclipse.jdt.launching.internal.org.objectweb.asm.ByteVector::put12 (64 bytes)
Event: 321,334 Thread 0x00007fa410194000 nmethod 474 0x00007fa3f8eafe90 code [0x00007fa3f8eb0060, 0x00007fa3f8eb02a0]
Event: 321,334 Thread 0x00007fa410194000  473       3       org.eclipse.jdt.launching.internal.org.objectweb.asm.SymbolTable::addConstantClass (8 bytes)
Event: 321,334 Thread 0x00007fa410194000 nmethod 473 0x00007fa3f8eb0410 code [0x00007fa3f8eb05c0, 0x00007fa3f8eb0720]
Event: 321,334 Thread 0x00007fa410194000  475       3       org.eclipse.jdt.launching.internal.org.objectweb.asm.ClassReader::readShort (27 bytes)
Event: 321,334 Thread 0x00007fa410194000 nmethod 475 0x00007fa3f8eb0810 code [0x00007fa3f8eb09c0, 0x00007fa3f8eb0b50]

GC Heap History (0 events):
No events

Deoptimization events (20 events):
Event: 0,479 Thread 0x00007fa410018800 DEOPT PACKING pc=0x00007fa3f8e86e1f sp=0x00007fa4195da580
Event: 0,479 Thread 0x00007fa410018800 DEOPT UNPACKING pc=0x00007fa3f88aebca sp=0x00007fa4195d9a68 mode 0
Event: 0,480 Thread 0x00007fa410018800 DEOPT PACKING pc=0x00007fa3f8e86e1f sp=0x00007fa4195da650
Event: 0,480 Thread 0x00007fa410018800 DEOPT UNPACKING pc=0x00007fa3f88aebca sp=0x00007fa4195d9b38 mode 0
Event: 0,485 Thread 0x00007fa410018800 DEOPT PACKING pc=0x00007fa3f8e52215 sp=0x00007fa4195d9160
Event: 0,485 Thread 0x00007fa410018800 DEOPT UNPACKING pc=0x00007fa3f88aebca sp=0x00007fa4195d8618 mode 0
Event: 0,485 Thread 0x00007fa410018800 DEOPT PACKING pc=0x00007fa3f8e86e1f sp=0x00007fa4195d8fe0
Event: 0,485 Thread 0x00007fa410018800 DEOPT UNPACKING pc=0x00007fa3f88aebca sp=0x00007fa4195d84c8 mode 0
Event: 0,485 Thread 0x00007fa410018800 DEOPT PACKING pc=0x00007fa3f8e86e1f sp=0x00007fa4195d8fe0
Event: 0,485 Thread 0x00007fa410018800 DEOPT UNPACKING pc=0x00007fa3f88aebca sp=0x00007fa4195d84c8 mode 0
Event: 0,488 Thread 0x00007fa410018800 DEOPT PACKING pc=0x00007fa3f8e86e1f sp=0x00007fa4195da250
Event: 0,488 Thread 0x00007fa410018800 DEOPT UNPACKING pc=0x00007fa3f88aebca sp=0x00007fa4195d9738 mode 0
Event: 0,490 Thread 0x00007fa410018800 DEOPT PACKING pc=0x00007fa3f8e86e1f sp=0x00007fa4195d9f10
Event: 0,490 Thread 0x00007fa410018800 DEOPT UNPACKING pc=0x00007fa3f88aebca sp=0x00007fa4195d93f8 mode 0
Event: 0,491 Thread 0x00007fa410018800 DEOPT PACKING pc=0x00007fa3f8e86e1f sp=0x00007fa4195d9f10
Event: 0,491 Thread 0x00007fa410018800 DEOPT UNPACKING pc=0x00007fa3f88aebca sp=0x00007fa4195d93f8 mode 0
Event: 0,493 Thread 0x00007fa410018800 DEOPT PACKING pc=0x00007fa3f8e86e1f sp=0x00007fa4195d9f10
Event: 0,493 Thread 0x00007fa410018800 DEOPT UNPACKING pc=0x00007fa3f88aebca sp=0x00007fa4195d93f8 mode 0
Event: 0,512 Thread 0x00007fa410018800 DEOPT PACKING pc=0x00007fa3f8e9b047 sp=0x00007fa4195dd8b0
Event: 0,513 Thread 0x00007fa410018800 DEOPT UNPACKING pc=0x00007fa3f88aebca sp=0x00007fa4195dcd20 mode 1

Classes redefined (5 events):
Event: 24,090 Thread 0x00007fa410182000 redefined class name=labOne.DummyClass, count=1
Event: 37,893 Thread 0x00007fa410182000 redefined class name=labOne.DummyClass, count=2
Event: 274,757 Thread 0x00007fa410182000 redefined class name=labOne.DummyClass, count=3
Event: 293,164 Thread 0x00007fa410182000 redefined class name=labOne.DummyClass, count=4
Event: 321,336 Thread 0x00007fa410182000 redefined class name=labOne.DummyClass, count=5

Internal exceptions (0 events):
No events

Events (20 events):
Event: 293,321 Executing VM operation: GetOwnedMonitorInfo done
Event: 293,321 Executing VM operation: GetCurrentContendedMonitor
Event: 293,321 Executing VM operation: GetCurrentContendedMonitor done
Event: 321,334 Executing VM operation: RedefineClasses
Event: 321,337 Executing VM operation: RedefineClasses done
Event: 321,342 Executing VM operation: ChangeBreakpoints
Event: 321,342 Executing VM operation: ChangeBreakpoints done
Event: 321,345 Executing VM operation: ChangeBreakpoints
Event: 321,346 Executing VM operation: ChangeBreakpoints done
Event: 321,347 Executing VM operation: GetFrameCount
Event: 321,347 Executing VM operation: GetFrameCount done
Event: 321,347 Executing VM operation: GetStackTrace
Event: 321,347 Executing VM operation: GetStackTrace done
Event: 321,351 Executing VM operation: GetFrameCount
Event: 321,351 Executing VM operation: GetFrameCount done
Event: 321,351 Executing VM operation: GetOwnedMonitorInfo
Event: 321,351 Executing VM operation: GetOwnedMonitorInfo done
Event: 321,352 Executing VM operation: GetCurrentContendedMonitor
Event: 321,352 Executing VM operation: GetCurrentContendedMonitor done
Event: 426,404 Executing VM operation: GetOrSetLocal


Dynamic libraries:
83800000-8b600000 rw-p 00000000 00:00 0 
8b600000-ffe00000 ---p 00000000 00:00 0 
ffe00000-ffe47000 rw-p 01111000 08:01 2884700                            /usr/lib/jvm/java-11-openjdk-amd64/lib/server/classes.jsa
ffe47000-fff00000 rw-p 00000000 00:00 0 
fff00000-fff6b000 rw-p 010a6000 08:01 2884700                            /usr/lib/jvm/java-11-openjdk-amd64/lib/server/classes.jsa
fff6b000-100000000 rw-p 00000000 00:00 0 
800000000-800002000 rwxp 00001000 08:01 2884700                          /usr/lib/jvm/java-11-openjdk-amd64/lib/server/classes.jsa
800002000-8010a5000 rw-p 00003000 08:01 2884700                          /usr/lib/jvm/java-11-openjdk-amd64/lib/server/classes.jsa
840000000-840080000 rw-p 00000000 00:00 0 
840080000-880000000 ---p 00000000 00:00 0 
55566d822000-55566d823000 r-xp 00000000 08:01 2884176                    /usr/lib/jvm/java-11-openjdk-amd64/bin/java
55566da23000-55566da24000 r--p 00001000 08:01 2884176                    /usr/lib/jvm/java-11-openjdk-amd64/bin/java
55566da24000-55566da25000 rw-p 00002000 08:01 2884176                    /usr/lib/jvm/java-11-openjdk-amd64/bin/java
55566f6d6000-55566f6f7000 rw-p 00000000 00:00 0                          [heap]
7fa39c000000-7fa39c021000 rw-p 00000000 00:00 0 
7fa39c021000-7fa3a0000000 ---p 00000000 00:00 0 
7fa3a4000000-7fa3a4136000 rw-p 00000000 00:00 0 
7fa3a4136000-7fa3a8000000 ---p 00000000 00:00 0 
7fa3a8000000-7fa3a8021000 rw-p 00000000 00:00 0 
7fa3a8021000-7fa3ac000000 ---p 00000000 00:00 0 
7fa3af9b7000-7fa3af9b8000 ---p 00000000 00:00 0 
7fa3af9b8000-7fa3afab9000 rw-p 00000000 00:00 0 
7fa3afab9000-7fa3afabd000 ---p 00000000 00:00 0 
7fa3afabd000-7fa3afbba000 rw-p 00000000 00:00 0 
7fa3afbba000-7fa3afbe4000 r-xp 00000000 08:01 2900423                    /usr/lib/jvm/java-11-openjdk-amd64/lib/libsunec.so
7fa3afbe4000-7fa3afde3000 ---p 0002a000 08:01 2900423                    /usr/lib/jvm/java-11-openjdk-amd64/lib/libsunec.so
7fa3afde3000-7fa3afde7000 r--p 00029000 08:01 2900423                    /usr/lib/jvm/java-11-openjdk-amd64/lib/libsunec.so
7fa3afde7000-7fa3afde9000 rw-p 0002d000 08:01 2900423                    /usr/lib/jvm/java-11-openjdk-amd64/lib/libsunec.so
7fa3afde9000-7fa3afdff000 r-xp 00000000 08:01 2900417                    /usr/lib/jvm/java-11-openjdk-amd64/lib/libnet.so
7fa3afdff000-7fa3afffe000 ---p 00016000 08:01 2900417                    /usr/lib/jvm/java-11-openjdk-amd64/lib/libnet.so
7fa3afffe000-7fa3affff000 r--p 00015000 08:01 2900417                    /usr/lib/jvm/java-11-openjdk-amd64/lib/libnet.so
7fa3affff000-7fa3b0000000 rw-p 00016000 08:01 2900417                    /usr/lib/jvm/java-11-openjdk-amd64/lib/libnet.so
7fa3b0000000-7fa3b005f000 rw-p 00000000 00:00 0 
7fa3b005f000-7fa3b4000000 ---p 00000000 00:00 0 
7fa3b4000000-7fa3b4021000 rw-p 00000000 00:00 0 
7fa3b4021000-7fa3b8000000 ---p 00000000 00:00 0 
7fa3b8000000-7fa3b8021000 rw-p 00000000 00:00 0 
7fa3b8021000-7fa3bc000000 ---p 00000000 00:00 0 
7fa3bc000000-7fa3bc021000 rw-p 00000000 00:00 0 
7fa3bc021000-7fa3c0000000 ---p 00000000 00:00 0 
7fa3c0000000-7fa3c02b8000 rw-p 00000000 00:00 0 
7fa3c02b8000-7fa3c4000000 ---p 00000000 00:00 0 
7fa3c4000000-7fa3c40b6000 rw-p 00000000 00:00 0 
7fa3c40b6000-7fa3c8000000 ---p 00000000 00:00 0 
7fa3c8000000-7fa3c8021000 rw-p 00000000 00:00 0 
7fa3c8021000-7fa3cc000000 ---p 00000000 00:00 0 
7fa3cc000000-7fa3cc021000 rw-p 00000000 00:00 0 
7fa3cc021000-7fa3d0000000 ---p 00000000 00:00 0 
7fa3d0000000-7fa3d0021000 rw-p 00000000 00:00 0 
7fa3d0021000-7fa3d4000000 ---p 00000000 00:00 0 
7fa3d4000000-7fa3d4021000 rw-p 00000000 00:00 0 
7fa3d4021000-7fa3d8000000 ---p 00000000 00:00 0 
7fa3d8000000-7fa3d8021000 rw-p 00000000 00:00 0 
7fa3d8021000-7fa3dc000000 ---p 00000000 00:00 0 
7fa3dc000000-7fa3dc021000 rw-p 00000000 00:00 0 
7fa3dc021000-7fa3e0000000 ---p 00000000 00:00 0 
7fa3e0000000-7fa3e0021000 rw-p 00000000 00:00 0 
7fa3e0021000-7fa3e4000000 ---p 00000000 00:00 0 
7fa3e4000000-7fa3e4021000 rw-p 00000000 00:00 0 
7fa3e4021000-7fa3e8000000 ---p 00000000 00:00 0 
7fa3e8097000-7fa3e80a7000 r-xp 00000000 08:01 2900418                    /usr/lib/jvm/java-11-openjdk-amd64/lib/libnio.so
7fa3e80a7000-7fa3e82a6000 ---p 00010000 08:01 2900418                    /usr/lib/jvm/java-11-openjdk-amd64/lib/libnio.so
7fa3e82a6000-7fa3e82a7000 r--p 0000f000 08:01 2900418                    /usr/lib/jvm/java-11-openjdk-amd64/lib/libnio.so
7fa3e82a7000-7fa3e82a8000 rw-p 00010000 08:01 2900418                    /usr/lib/jvm/java-11-openjdk-amd64/lib/libnio.so
7fa3e82a8000-7fa3e82ac000 ---p 00000000 00:00 0 
7fa3e82ac000-7fa3e83a9000 rw-p 00000000 00:00 0 
7fa3e83a9000-7fa3e83ad000 ---p 00000000 00:00 0 
7fa3e83ad000-7fa3e84aa000 rw-p 00000000 00:00 0 
7fa3e84aa000-7fa3e84ae000 ---p 00000000 00:00 0 
7fa3e84ae000-7fa3e85ab000 rw-p 00000000 00:00 0 
7fa3e85ab000-7fa3e85af000 r-xp 00000000 08:01 2894729                    /usr/lib/jvm/java-11-openjdk-amd64/lib/libdt_socket.so
7fa3e85af000-7fa3e87af000 ---p 00004000 08:01 2894729                    /usr/lib/jvm/java-11-openjdk-amd64/lib/libdt_socket.so
7fa3e87af000-7fa3e87b0000 r--p 00004000 08:01 2894729                    /usr/lib/jvm/java-11-openjdk-amd64/lib/libdt_socket.so
7fa3e87b0000-7fa3e87b1000 rw-p 00005000 08:01 2894729                    /usr/lib/jvm/java-11-openjdk-amd64/lib/libdt_socket.so
7fa3e87b1000-7fa3e87b5000 ---p 00000000 00:00 0 
7fa3e87b5000-7fa3e88b2000 rw-p 00000000 00:00 0 
7fa3e88b2000-7fa3e88b6000 ---p 00000000 00:00 0 
7fa3e88b6000-7fa3e89b3000 rw-p 00000000 00:00 0 
7fa3e89b3000-7fa3e89b7000 ---p 00000000 00:00 0 
7fa3e89b7000-7fa3e8ab4000 rw-p 00000000 00:00 0 
7fa3e8ab4000-7fa3e8ab8000 ---p 00000000 00:00 0 
7fa3e8ab8000-7fa3e8bb5000 rw-p 00000000 00:00 0 
7fa3e8bb5000-7fa3e8bb9000 ---p 00000000 00:00 0 
7fa3e8bb9000-7fa3e8cb6000 rw-p 00000000 00:00 0 
7fa3e8cb6000-7fa3e8cba000 ---p 00000000 00:00 0 
7fa3e8cba000-7fa3e8db7000 rw-p 00000000 00:00 0 
7fa3e8db7000-7fa3e91f7000 r--p 00000000 08:01 2885436                    /usr/lib/locale/locale-archive
7fa3e91f7000-7fa3e91fb000 ---p 00000000 00:00 0 
7fa3e91fb000-7fa3e92f8000 rw-p 00000000 00:00 0 
7fa3e92f8000-7fa3e92fc000 ---p 00000000 00:00 0 
7fa3e92fc000-7fa3e93f9000 rw-p 00000000 00:00 0 
7fa3e93f9000-7fa3e93fa000 ---p 00000000 00:00 0 
7fa3e93fa000-7fa3e99bb000 rw-p 00000000 00:00 0 
7fa3e99bb000-7fa3e9cfb000 ---p 00000000 00:00 0 
7fa3e9cfb000-7fa3e9cfc000 ---p 00000000 00:00 0 
7fa3e9cfc000-7fa3e9dfd000 rw-p 00000000 00:00 0 
7fa3e9dfd000-7fa3e9dfe000 ---p 00000000 00:00 0 
7fa3e9dfe000-7fa3ec000000 rw-p 00000000 00:00 0 
7fa3ec000000-7fa3ec021000 rw-p 00000000 00:00 0 
7fa3ec021000-7fa3f0000000 ---p 00000000 00:00 0 
7fa3f00bf000-7fa3f03b8000 rw-p 00000000 00:00 0 
7fa3f03b8000-7fa3f20d8000 ---p 00000000 00:00 0 
7fa3f20d8000-7fa3f22d8000 rw-p 00000000 00:00 0 
7fa3f22d8000-7fa3f3ff8000 ---p 00000000 00:00 0 
7fa3f3ff8000-7fa3f4000000 rw-p 00000000 00:00 0 
7fa3f4000000-7fa3f4021000 rw-p 00000000 00:00 0 
7fa3f4021000-7fa3f8000000 ---p 00000000 00:00 0 
7fa3f8090000-7fa3f84d3000 rw-p 00000000 00:00 0 
7fa3f84d3000-7fa3f8877000 ---p 00000000 00:00 0 
7fa3f8877000-7fa3f8878000 rw-p 00000000 00:00 0 
7fa3f8878000-7fa3f8ae8000 rwxp 00000000 00:00 0 
7fa3f8ae8000-7fa3f8e08000 ---p 00000000 00:00 0 
7fa3f8e08000-7fa3f9078000 rwxp 00000000 00:00 0 
7fa3f9078000-7fa400340000 ---p 00000000 00:00 0 
7fa400340000-7fa4005b0000 rwxp 00000000 00:00 0 
7fa4005b0000-7fa407878000 ---p 00000000 00:00 0 
7fa407878000-7fa410000000 r--s 00000000 08:01 2900427                    /usr/lib/jvm/java-11-openjdk-amd64/lib/modules
7fa410000000-7fa410363000 rw-p 00000000 00:00 0 
7fa410363000-7fa414000000 ---p 00000000 00:00 0 
7fa41400e000-7fa41408f000 rw-p 00000000 00:00 0 
7fa41408f000-7fa414090000 ---p 00000000 00:00 0 
7fa414090000-7fa414191000 rw-p 00000000 00:00 0 
7fa414191000-7fa414192000 ---p 00000000 00:00 0 
7fa414192000-7fa4142d2000 rw-p 00000000 00:00 0 
7fa4142d2000-7fa414676000 ---p 00000000 00:00 0 
7fa414676000-7fa4146b6000 rw-p 00000000 00:00 0 
7fa4146b6000-7fa414a5a000 ---p 00000000 00:00 0 
7fa414a5a000-7fa415061000 rw-p 00000000 00:00 0 
7fa415061000-7fa415062000 ---p 00000000 00:00 0 
7fa415062000-7fa415168000 rw-p 00000000 00:00 0 
7fa415168000-7fa41524e000 ---p 00000000 00:00 0 
7fa41524e000-7fa415253000 rw-p 00000000 00:00 0 
7fa415253000-7fa415339000 ---p 00000000 00:00 0 
7fa415339000-7fa415340000 r-xp 00000000 08:01 2900426                    /usr/lib/jvm/java-11-openjdk-amd64/lib/libzip.so
7fa415340000-7fa41553f000 ---p 00007000 08:01 2900426                    /usr/lib/jvm/java-11-openjdk-amd64/lib/libzip.so
7fa41553f000-7fa415540000 r--p 00006000 08:01 2900426                    /usr/lib/jvm/java-11-openjdk-amd64/lib/libzip.so
7fa415540000-7fa415541000 rw-p 00007000 08:01 2900426                    /usr/lib/jvm/java-11-openjdk-amd64/lib/libzip.so
7fa415541000-7fa41554c000 r-xp 00000000 08:01 267481                     /lib/x86_64-linux-gnu/libnss_files-2.27.so
7fa41554c000-7fa41574b000 ---p 0000b000 08:01 267481                     /lib/x86_64-linux-gnu/libnss_files-2.27.so
7fa41574b000-7fa41574c000 r--p 0000a000 08:01 267481                     /lib/x86_64-linux-gnu/libnss_files-2.27.so
7fa41574c000-7fa41574d000 rw-p 0000b000 08:01 267481                     /lib/x86_64-linux-gnu/libnss_files-2.27.so
7fa41574d000-7fa415753000 rw-p 00000000 00:00 0 
7fa415753000-7fa41576a000 r-xp 00000000 08:01 262238                     /lib/x86_64-linux-gnu/libnsl-2.27.so
7fa41576a000-7fa415969000 ---p 00017000 08:01 262238                     /lib/x86_64-linux-gnu/libnsl-2.27.so
7fa415969000-7fa41596a000 r--p 00016000 08:01 262238                     /lib/x86_64-linux-gnu/libnsl-2.27.so
7fa41596a000-7fa41596b000 rw-p 00017000 08:01 262238                     /lib/x86_64-linux-gnu/libnsl-2.27.so
7fa41596b000-7fa41596d000 rw-p 00000000 00:00 0 
7fa41596d000-7fa415978000 r-xp 00000000 08:01 267483                     /lib/x86_64-linux-gnu/libnss_nis-2.27.so
7fa415978000-7fa415b77000 ---p 0000b000 08:01 267483                     /lib/x86_64-linux-gnu/libnss_nis-2.27.so
7fa415b77000-7fa415b78000 r--p 0000a000 08:01 267483                     /lib/x86_64-linux-gnu/libnss_nis-2.27.so
7fa415b78000-7fa415b79000 rw-p 0000b000 08:01 267483                     /lib/x86_64-linux-gnu/libnss_nis-2.27.so
7fa415b79000-7fa415b81000 r-xp 00000000 08:01 262239                     /lib/x86_64-linux-gnu/libnss_compat-2.27.so
7fa415b81000-7fa415d81000 ---p 00008000 08:01 262239                     /lib/x86_64-linux-gnu/libnss_compat-2.27.so
7fa415d81000-7fa415d82000 r--p 00008000 08:01 262239                     /lib/x86_64-linux-gnu/libnss_compat-2.27.so
7fa415d82000-7fa415d83000 rw-p 00009000 08:01 262239                     /lib/x86_64-linux-gnu/libnss_compat-2.27.so
7fa415d83000-7fa415d8d000 r-xp 00000000 08:01 2900401                    /usr/lib/jvm/java-11-openjdk-amd64/lib/libinstrument.so
7fa415d8d000-7fa415f8c000 ---p 0000a000 08:01 2900401                    /usr/lib/jvm/java-11-openjdk-amd64/lib/libinstrument.so
7fa415f8c000-7fa415f8d000 r--p 00009000 08:01 2900401                    /usr/lib/jvm/java-11-openjdk-amd64/lib/libinstrument.so
7fa415f8d000-7fa415f8e000 rw-p 0000a000 08:01 2900401                    /usr/lib/jvm/java-11-openjdk-amd64/lib/libinstrument.so
7fa415f8e000-7fa415fca000 r-xp 00000000 08:01 2900408                    /usr/lib/jvm/java-11-openjdk-amd64/lib/libjdwp.so
7fa415fca000-7fa4161c9000 ---p 0003c000 08:01 2900408                    /usr/lib/jvm/java-11-openjdk-amd64/lib/libjdwp.so
7fa4161c9000-7fa4161ca000 r--p 0003b000 08:01 2900408                    /usr/lib/jvm/java-11-openjdk-amd64/lib/libjdwp.so
7fa4161ca000-7fa4161cb000 rw-p 0003c000 08:01 2900408                    /usr/lib/jvm/java-11-openjdk-amd64/lib/libjdwp.so
7fa4161cb000-7fa4161d0000 r-xp 00000000 08:01 2900409                    /usr/lib/jvm/java-11-openjdk-amd64/lib/libjimage.so
7fa4161d0000-7fa4163cf000 ---p 00005000 08:01 2900409                    /usr/lib/jvm/java-11-openjdk-amd64/lib/libjimage.so
7fa4163cf000-7fa4163d0000 r--p 00004000 08:01 2900409                    /usr/lib/jvm/java-11-openjdk-amd64/lib/libjimage.so
7fa4163d0000-7fa4163d1000 rw-p 00005000 08:01 2900409                    /usr/lib/jvm/java-11-openjdk-amd64/lib/libjimage.so
7fa4163d1000-7fa4163f9000 r-xp 00000000 08:01 2900406                    /usr/lib/jvm/java-11-openjdk-amd64/lib/libjava.so
7fa4163f9000-7fa4165f9000 ---p 00028000 08:01 2900406                    /usr/lib/jvm/java-11-openjdk-amd64/lib/libjava.so
7fa4165f9000-7fa4165fa000 r--p 00028000 08:01 2900406                    /usr/lib/jvm/java-11-openjdk-amd64/lib/libjava.so
7fa4165fa000-7fa4165fb000 rw-p 00029000 08:01 2900406                    /usr/lib/jvm/java-11-openjdk-amd64/lib/libjava.so
7fa4165fb000-7fa4165fc000 rw-p 00000000 00:00 0 
7fa4165fc000-7fa416609000 r-xp 00000000 08:01 2900425                    /usr/lib/jvm/java-11-openjdk-amd64/lib/libverify.so
7fa416609000-7fa416808000 ---p 0000d000 08:01 2900425                    /usr/lib/jvm/java-11-openjdk-amd64/lib/libverify.so
7fa416808000-7fa41680a000 r--p 0000c000 08:01 2900425                    /usr/lib/jvm/java-11-openjdk-amd64/lib/libverify.so
7fa41680a000-7fa41680b000 rw-p 0000e000 08:01 2900425                    /usr/lib/jvm/java-11-openjdk-amd64/lib/libverify.so
7fa41680b000-7fa416812000 r-xp 00000000 08:01 267553                     /lib/x86_64-linux-gnu/librt-2.27.so
7fa416812000-7fa416a11000 ---p 00007000 08:01 267553                     /lib/x86_64-linux-gnu/librt-2.27.so
7fa416a11000-7fa416a12000 r--p 00006000 08:01 267553                     /lib/x86_64-linux-gnu/librt-2.27.so
7fa416a12000-7fa416a13000 rw-p 00007000 08:01 267553                     /lib/x86_64-linux-gnu/librt-2.27.so
7fa416a13000-7fa416a2a000 r-xp 00000000 08:01 267651                     /lib/x86_64-linux-gnu/libgcc_s.so.1
7fa416a2a000-7fa416c29000 ---p 00017000 08:01 267651                     /lib/x86_64-linux-gnu/libgcc_s.so.1
7fa416c29000-7fa416c2a000 r--p 00016000 08:01 267651                     /lib/x86_64-linux-gnu/libgcc_s.so.1
7fa416c2a000-7fa416c2b000 rw-p 00017000 08:01 267651                     /lib/x86_64-linux-gnu/libgcc_s.so.1
7fa416c2b000-7fa416dc8000 r-xp 00000000 08:01 262235                     /lib/x86_64-linux-gnu/libm-2.27.so
7fa416dc8000-7fa416fc7000 ---p 0019d000 08:01 262235                     /lib/x86_64-linux-gnu/libm-2.27.so
7fa416fc7000-7fa416fc8000 r--p 0019c000 08:01 262235                     /lib/x86_64-linux-gnu/libm-2.27.so
7fa416fc8000-7fa416fc9000 rw-p 0019d000 08:01 262235                     /lib/x86_64-linux-gnu/libm-2.27.so
7fa416fc9000-7fa417142000 r-xp 00000000 08:01 2894221                    /usr/lib/x86_64-linux-gnu/libstdc++.so.6.0.25
7fa417142000-7fa417342000 ---p 00179000 08:01 2894221                    /usr/lib/x86_64-linux-gnu/libstdc++.so.6.0.25
7fa417342000-7fa41734c000 r--p 00179000 08:01 2894221                    /usr/lib/x86_64-linux-gnu/libstdc++.so.6.0.25
7fa41734c000-7fa41734e000 rw-p 00183000 08:01 2894221                    /usr/lib/x86_64-linux-gnu/libstdc++.so.6.0.25
7fa41734e000-7fa417352000 rw-p 00000000 00:00 0 
7fa417352000-7fa41843a000 r-xp 00000000 08:01 2900430                    /usr/lib/jvm/java-11-openjdk-amd64/lib/server/libjvm.so
7fa41843a000-7fa418639000 ---p 010e8000 08:01 2900430                    /usr/lib/jvm/java-11-openjdk-amd64/lib/server/libjvm.so
7fa418639000-7fa4186fa000 r--p 010e7000 08:01 2900430                    /usr/lib/jvm/java-11-openjdk-amd64/lib/server/libjvm.so
7fa4186fa000-7fa418735000 rw-p 011a8000 08:01 2900430                    /usr/lib/jvm/java-11-openjdk-amd64/lib/server/libjvm.so
7fa418735000-7fa41878c000 rw-p 00000000 00:00 0 
7fa41878c000-7fa4187a6000 r-xp 00000000 08:01 267486                     /lib/x86_64-linux-gnu/libpthread-2.27.so
7fa4187a6000-7fa4189a5000 ---p 0001a000 08:01 267486                     /lib/x86_64-linux-gnu/libpthread-2.27.so
7fa4189a5000-7fa4189a6000 r--p 00019000 08:01 267486                     /lib/x86_64-linux-gnu/libpthread-2.27.so
7fa4189a6000-7fa4189a7000 rw-p 0001a000 08:01 267486                     /lib/x86_64-linux-gnu/libpthread-2.27.so
7fa4189a7000-7fa4189ab000 rw-p 00000000 00:00 0 
7fa4189ab000-7fa4189ae000 r-xp 00000000 08:01 262234                     /lib/x86_64-linux-gnu/libdl-2.27.so
7fa4189ae000-7fa418bad000 ---p 00003000 08:01 262234                     /lib/x86_64-linux-gnu/libdl-2.27.so
7fa418bad000-7fa418bae000 r--p 00002000 08:01 262234                     /lib/x86_64-linux-gnu/libdl-2.27.so
7fa418bae000-7fa418baf000 rw-p 00003000 08:01 262234                     /lib/x86_64-linux-gnu/libdl-2.27.so
7fa418baf000-7fa418bcb000 r-xp 00000000 08:01 267786                     /lib/x86_64-linux-gnu/libz.so.1.2.11
7fa418bcb000-7fa418dca000 ---p 0001c000 08:01 267786                     /lib/x86_64-linux-gnu/libz.so.1.2.11
7fa418dca000-7fa418dcb000 r--p 0001b000 08:01 267786                     /lib/x86_64-linux-gnu/libz.so.1.2.11
7fa418dcb000-7fa418dcc000 rw-p 0001c000 08:01 267786                     /lib/x86_64-linux-gnu/libz.so.1.2.11
7fa418dcc000-7fa418fb3000 r-xp 00000000 08:01 262231                     /lib/x86_64-linux-gnu/libc-2.27.so
7fa418fb3000-7fa4191b3000 ---p 001e7000 08:01 262231                     /lib/x86_64-linux-gnu/libc-2.27.so
7fa4191b3000-7fa4191b7000 r--p 001e7000 08:01 262231                     /lib/x86_64-linux-gnu/libc-2.27.so
7fa4191b7000-7fa4191b9000 rw-p 001eb000 08:01 262231                     /lib/x86_64-linux-gnu/libc-2.27.so
7fa4191b9000-7fa4191bd000 rw-p 00000000 00:00 0 
7fa4191bd000-7fa4191cc000 r-xp 00000000 08:01 2891952                    /usr/lib/jvm/java-11-openjdk-amd64/lib/jli/libjli.so
7fa4191cc000-7fa4193cb000 ---p 0000f000 08:01 2891952                    /usr/lib/jvm/java-11-openjdk-amd64/lib/jli/libjli.so
7fa4193cb000-7fa4193cc000 r--p 0000e000 08:01 2891952                    /usr/lib/jvm/java-11-openjdk-amd64/lib/jli/libjli.so
7fa4193cc000-7fa4193cd000 rw-p 0000f000 08:01 2891952                    /usr/lib/jvm/java-11-openjdk-amd64/lib/jli/libjli.so
7fa4193cd000-7fa4193f6000 r-xp 00000000 08:01 262227                     /lib/x86_64-linux-gnu/ld-2.27.so
7fa4193f6000-7fa4194d7000 rw-p 00000000 00:00 0 
7fa4194d7000-7fa4194de000 ---p 00000000 00:00 0 
7fa4194de000-7fa4194e2000 ---p 00000000 00:00 0 
7fa4194e2000-7fa4195e1000 rw-p 00000000 00:00 0 
7fa4195e1000-7fa4195e8000 r--s 00000000 08:01 3156477                    /usr/lib/x86_64-linux-gnu/gconv/gconv-modules.cache
7fa4195e8000-7fa4195ea000 r--s 00007000 08:01 262226                     /usr/share/java/java-atk-wrapper.jar
7fa4195ea000-7fa4195f2000 rw-s 00000000 08:01 2753493                    /tmp/hsperfdata_elliotalderson/6196
7fa4195f2000-7fa4195f3000 ---p 00000000 00:00 0 
7fa4195f3000-7fa4195f4000 r--p 00000000 00:00 0 
7fa4195f4000-7fa4195f6000 rw-p 00000000 00:00 0 
7fa4195f6000-7fa4195f7000 r--p 00029000 08:01 262227                     /lib/x86_64-linux-gnu/ld-2.27.so
7fa4195f7000-7fa4195f8000 rw-p 0002a000 08:01 262227                     /lib/x86_64-linux-gnu/ld-2.27.so
7fa4195f8000-7fa4195f9000 rw-p 00000000 00:00 0 
7ffd6e7ec000-7ffd6e80d000 rw-p 00000000 00:00 0                          [stack]
7ffd6e817000-7ffd6e81a000 r--p 00000000 00:00 0                          [vvar]
7ffd6e81a000-7ffd6e81b000 r-xp 00000000 00:00 0                          [vdso]
ffffffffff600000-ffffffffff601000 --xp 00000000 00:00 0                  [vsyscall]


VM Arguments:
jvm_args: -agentlib:jdwp=transport=dt_socket,suspend=y,address=localhost:42895 -javaagent:/home/elliotalderson/.eclipse/360744286_linux_gtk_x86_64/configuration/org.eclipse.osgi/222/0/.cp/lib/javaagent-shaded.jar -Dfile.encoding=UTF-8 
java_command: labOne.DummyClass
java_class_path (initial): /home/elliotalderson/Desktop/se375/Threads in Java/bin
Launcher Type: SUN_STANDARD

[Global flags]
     intx CICompilerCount                          = 3                                         {product} {ergonomic}
     uint ConcGCThreads                            = 2                                         {product} {ergonomic}
     uint G1ConcRefinementThreads                  = 6                                         {product} {ergonomic}
   size_t G1HeapRegionSize                         = 1048576                                   {product} {ergonomic}
    uintx GCDrainStackTargetSize                   = 64                                        {product} {ergonomic}
   size_t InitialHeapSize                          = 132120576                                 {product} {ergonomic}
   size_t MarkStackSize                            = 4194304                                   {product} {ergonomic}
   size_t MaxHeapSize                              = 2088763392                                {product} {ergonomic}
   size_t MaxNewSize                               = 1253048320                                {product} {ergonomic}
   size_t MinHeapDeltaBytes                        = 1048576                                   {product} {ergonomic}
    uintx NonNMethodCodeHeapSize                   = 5830732                                {pd product} {ergonomic}
    uintx NonProfiledCodeHeapSize                  = 122913754                              {pd product} {ergonomic}
    uintx ProfiledCodeHeapSize                     = 122913754                              {pd product} {ergonomic}
    uintx ReservedCodeCacheSize                    = 251658240                              {pd product} {ergonomic}
     bool SegmentedCodeCache                       = true                                      {product} {ergonomic}
     bool UseCompressedClassPointers               = true                                 {lp64_product} {ergonomic}
     bool UseCompressedOops                        = true                                 {lp64_product} {ergonomic}
     bool UseG1GC                                  = true                                      {product} {ergonomic}

Logging:
Log output configuration:
 #0: stdout all=warning uptime,level,tags
 #1: stderr all=off uptime,level,tags

Environment Variables:
PATH=/usr/local/sbin:/usr/local/bin:/usr/sbin:/usr/bin:/sbin:/bin:/usr/games:/usr/local/games:/snap/bin
USERNAME=elliotalderson
SHELL=/bin/bash
DISPLAY=:0
LANG=en_US.UTF-8

Signal Handlers:
SIGSEGV: [libjvm.so+0xe1d0a0], sa_mask[0]=11111111011111111101111111111110, sa_flags=SA_RESTART|SA_SIGINFO
SIGBUS: [libjvm.so+0xe1d0a0], sa_mask[0]=11111111011111111101111111111110, sa_flags=SA_RESTART|SA_SIGINFO
SIGFPE: [libjvm.so+0xe1d0a0], sa_mask[0]=11111111011111111101111111111110, sa_flags=SA_RESTART|SA_SIGINFO
SIGPIPE: [libjvm.so+0xb717f0], sa_mask[0]=11111111011111111101111111111110, sa_flags=SA_RESTART|SA_SIGINFO
SIGXFSZ: [libjvm.so+0xb717f0], sa_mask[0]=11111111011111111101111111111110, sa_flags=SA_RESTART|SA_SIGINFO
SIGILL: [libjvm.so+0xe1d0a0], sa_mask[0]=11111111011111111101111111111110, sa_flags=SA_RESTART|SA_SIGINFO
SIGUSR2: [libjvm.so+0xb71680], sa_mask[0]=00100000000000000000000000000000, sa_flags=SA_RESTART|SA_SIGINFO
SIGHUP: [libjvm.so+0xb71b30], sa_mask[0]=11111111011111111101111111111110, sa_flags=SA_RESTART|SA_SIGINFO
SIGINT: [libjvm.so+0xb71b30], sa_mask[0]=11111111011111111101111111111110, sa_flags=SA_RESTART|SA_SIGINFO
SIGTERM: [libjvm.so+0xb71b30], sa_mask[0]=11111111011111111101111111111110, sa_flags=SA_RESTART|SA_SIGINFO
SIGQUIT: [libjvm.so+0xb71b30], sa_mask[0]=11111111011111111101111111111110, sa_flags=SA_RESTART|SA_SIGINFO


---------------  S Y S T E M  ---------------

OS:DISTRIB_ID=Ubuntu
DISTRIB_RELEASE=18.04
DISTRIB_CODENAME=bionic
DISTRIB_DESCRIPTION="Ubuntu 18.04.5 LTS"
uname:Linux 5.4.0-72-generic #80~18.04.1-Ubuntu SMP Mon Apr 12 23:26:25 UTC 2021 x86_64
OS uptime: 0 days 1:05 hours
libc:glibc 2.27 NPTL 2.27 
rlimit (soft/hard): STACK 8192k/infinity , CORE 0k/infinity , NPROC 31653/31653 , NOFILE 1048576/1048576 , AS infinity/infinity , CPU infinity/infinity , DATA infinity/infinity , FSIZE infinity/infinity , MEMLOCK 65536k/65536k
load average:0,14 0,18 0,23

/proc/meminfo:
MemTotal:        8152368 kB
MemFree:         3765744 kB
MemAvailable:    5096808 kB
Buffers:          238332 kB
Cached:          1405988 kB
SwapCached:            0 kB
Active:          3153552 kB
Inactive:         922800 kB
Active(anon):    2433560 kB
Inactive(anon):   150384 kB
Active(file):     719992 kB
Inactive(file):   772416 kB
Unevictable:          80 kB
Mlocked:              80 kB
SwapTotal:       2097148 kB
SwapFree:        2097148 kB
Dirty:               308 kB
Writeback:             0 kB
AnonPages:       2432164 kB
Mapped:           574668 kB
Shmem:            151916 kB
KReclaimable:     116112 kB
Slab:             180188 kB
SReclaimable:     116112 kB
SUnreclaim:        64076 kB
KernelStack:       15008 kB
PageTables:        62228 kB
NFS_Unstable:          0 kB
Bounce:                0 kB
WritebackTmp:          0 kB
CommitLimit:     6173332 kB
Committed_AS:    9655600 kB
VmallocTotal:   34359738367 kB
VmallocUsed:       41052 kB
VmallocChunk:          0 kB
Percpu:             2720 kB
HardwareCorrupted:     0 kB
AnonHugePages:         0 kB
ShmemHugePages:        0 kB
ShmemPmdMapped:        0 kB
FileHugePages:         0 kB
FilePmdMapped:         0 kB
CmaTotal:              0 kB
CmaFree:               0 kB
HugePages_Total:       0
HugePages_Free:        0
HugePages_Rsvd:        0
HugePages_Surp:        0
Hugepagesize:       2048 kB
Hugetlb:               0 kB
DirectMap4k:      206784 kB
DirectMap2M:     8181760 kB

/sys/kernel/mm/transparent_hugepage/enabled:
always [madvise] never
/sys/kernel/mm/transparent_hugepage/defrag (defrag/compaction efforts parameter):
always defer defer+madvise [madvise] never

Process Memory:
Virtual Size: 5033200K (peak: 13516464K)
Resident Set Size: 51408K (peak: 51596K) (anon: 22404K, file: 29004K, shmem: 0K)
Swapped out: 0K
C-Heap outstanding allocations: 3601K

/proc/sys/kernel/threads-max (system-wide limit on the number of threads):
63306
/proc/sys/vm/max_map_count (maximum number of memory map areas a process may have):
65530
/proc/sys/kernel/pid_max (system-wide limit on number of process identifiers):
32768

container (cgroup) information:
container_type: cgroupv1
cpu_cpuset_cpus: 0-5
cpu_memory_nodes: 0
active_processor_count: 6
cpu_quota: -1
cpu_period: 100000
cpu_shares: -1
memory_limit_in_bytes: -1
memory_and_swap_limit_in_bytes: -2
memory_soft_limit_in_bytes: -1
memory_usage_in_bytes: 4174086144
memory_max_usage_in_bytes: 0

KVM virtualization detected
Steal ticks since vm start: 0
Steal ticks percentage since vm start:  0,000

CPU:total 6 (initial active 6) (6 cores per cpu, 1 threads per core) family 6 model 158 stepping 10 microcode 0x0, cmov, cx8, fxsr, mmx, sse, sse2, sse3, ssse3, sse4.1, sse4.2, popcnt, avx, avx2, aes, clmul, 3dnowpref, lzcnt, tsc, tscinvbit
CPU Model and flags from /proc/cpuinfo:
model name	: Intel(R) Core(TM) i7-9750H CPU @ 2.60GHz
flags		: fpu vme de pse tsc msr pae mce cx8 apic sep mtrr pge mca cmov pat pse36 clflush mmx fxsr sse sse2 ht syscall nx rdtscp lm constant_tsc rep_good nopl xtopology nonstop_tsc cpuid tsc_known_freq pni pclmulqdq ssse3 cx16 pcid sse4_1 sse4_2 x2apic movbe popcnt aes xsave avx rdrand hypervisor lahf_lm abm 3dnowprefetch invpcid_single pti fsgsbase avx2 invpcid rdseed clflushopt md_clear flush_l1d
Online cpus:
0-5
Offline cpus:

BIOS frequency limitation:
<Not Available>
Frequency switch latency (ns):
<Not Available>
Available cpu frequencies:
<Not Available>
Current governor:
<Not Available>
Core performance/turbo boost:
<Not Available>

Memory: 4k page, physical 8152368k(3765744k free), swap 2097148k(2097148k free)

vm_info: OpenJDK 64-Bit Server VM (11.0.11+9-Ubuntu-0ubuntu2.18.04) for linux-amd64 JRE (11.0.11+9-Ubuntu-0ubuntu2.18.04), built on Apr 21 2021 09:15:32 by "unknown" with gcc 8.4.0

END.
